# JRE version: Java(TM) SE Runtime Environment (8.0_11-b12) (build 1.8.0_11-b12)
# Java VM: Java HotSpot(TM) 64-Bit Server VM (25.11-b03 mixed mode bsd-amd64 compressed oops)
Heap:
 PSYoungGen      total 81408K, used 30728K [0x00000007bab00000, 0x00000007c0000000, 0x00000007c0000000)
  eden space 75776K, 33% used [0x00000007bab00000,0x00000007bc3869c8,0x00000007bf500000)
  from space 5632K, 99% used [0x00000007bf500000,0x00000007bfa7b9a0,0x00000007bfa80000)
  to   space 5632K, 0% used [0x00000007bfa80000,0x00000007bfa80000,0x00000007c0000000)
 ParOldGen       total 13824K, used 10734K [0x00000007b0000000, 0x00000007b0d80000, 0x00000007bab00000)
  object space 13824K, 77% used [0x00000007b0000000,0x00000007b0a7bb80,0x00000007b0d80000)
 Metaspace       used 29293K, capacity 29632K, committed 29824K, reserved 1075200K
  class space    used 3807K, capacity 3957K, committed 3968K, reserved 1048576K
GC Heap History (10 events):
Event: 1.692 GC heap before
{Heap before GC invocations=20 (full 0):
 PSYoungGen      total 41472K, used 39648K [0x00000007bab00000, 0x00000007be500000, 0x00000007c0000000)
  eden space 39424K, 100% used [0x00000007bab00000,0x00000007bd180000,0x00000007bd180000)
  from space 2048K, 10% used [0x00000007bd180000,0x00000007bd1b8000,0x00000007bd380000)
  to   space 2048K, 0% used [0x00000007be300000,0x00000007be300000,0x00000007be500000)
 ParOldGen       total 175104K, used 4152K [0x00000007b0000000, 0x00000007bab00000, 0x00000007bab00000)
  object space 175104K, 2% used [0x00000007b0000000,0x00000007b040e230,0x00000007bab00000)
 Metaspace       used 11389K, capacity 11564K, committed 11776K, reserved 1058816K
  class space    used 1405K, capacity 1436K, committed 1536K, reserved 1048576K
Event: 1.694 GC heap after
Heap after GC invocations=20 (full 0):
 PSYoungGen      total 57344K, used 1548K [0x00000007bab00000, 0x00000007be500000, 0x00000007c0000000)
  eden space 55296K, 0% used [0x00000007bab00000,0x00000007bab00000,0x00000007be100000)
  from space 2048K, 75% used [0x00000007be300000,0x00000007be483188,0x00000007be500000)
  to   space 2048K, 0% used [0x00000007be100000,0x00000007be100000,0x00000007be300000)
 ParOldGen       total 175104K, used 4184K [0x00000007b0000000, 0x00000007bab00000, 0x00000007bab00000)
  object space 175104K, 2% used [0x00000007b0000000,0x00000007b0416230,0x00000007bab00000)
 Metaspace       used 11389K, capacity 11564K, committed 11776K, reserved 1058816K
  class space    used 1405K, capacity 1436K, committed 1536K, reserved 1048576K
}
Event: 2.341 GC heap before
{Heap before GC invocations=21 (full 0):
 PSYoungGen      total 57344K, used 56844K [0x00000007bab00000, 0x00000007be500000, 0x00000007c0000000)
  eden space 55296K, 100% used [0x00000007bab00000,0x00000007be100000,0x00000007be100000)
  from space 2048K, 75% used [0x00000007be300000,0x00000007be483188,0x00000007be500000)
  to   space 2048K, 0% used [0x00000007be100000,0x00000007be100000,0x00000007be300000)
 ParOldGen       total 175104K, used 4184K [0x00000007b0000000, 0x00000007bab00000, 0x00000007bab00000)
  object space 175104K, 2% used [0x00000007b0000000,0x00000007b0416230,0x00000007bab00000)
 Metaspace       used 17650K, capacity 17796K, committed 18176K, reserved 1064960K
  class space    used 2176K, capacity 2208K, committed 2304K, reserved 1048576K
Event: 2.346 GC heap after
Heap after GC invocations=21 (full 0):
 PSYoungGen      total 57344K, used 2032K [0x00000007bab00000, 0x00000007bff00000, 0x00000007c0000000)
  eden space 55296K, 0% used [0x00000007bab00000,0x00000007bab00000,0x00000007be100000)
  from space 2048K, 99% used [0x00000007be100000,0x00000007be2fc010,0x00000007be300000)
  to   space 4096K, 0% used [0x00000007bfb00000,0x00000007bfb00000,0x00000007bff00000)
 ParOldGen       total 175104K, used 8067K [0x00000007b0000000, 0x00000007bab00000, 0x00000007bab00000)
  object space 175104K, 4% used [0x00000007b0000000,0x00000007b07e0e20,0x00000007bab00000)
 Metaspace       used 17650K, capacity 17796K, committed 18176K, reserved 1064960K
  class space    used 2176K, capacity 2208K, committed 2304K, reserved 1048576K
}
Event: 2.743 GC heap before
{Heap before GC invocations=22 (full 0):
 PSYoungGen      total 57344K, used 52270K [0x00000007bab00000, 0x00000007bff00000, 0x00000007c0000000)
  eden space 55296K, 90% used [0x00000007bab00000,0x00000007bdc0f9f0,0x00000007be100000)
  from space 2048K, 99% used [0x00000007be100000,0x00000007be2fc010,0x00000007be300000)
  to   space 4096K, 0% used [0x00000007bfb00000,0x00000007bfb00000,0x00000007bff00000)
 ParOldGen       total 175104K, used 8067K [0x00000007b0000000, 0x00000007bab00000, 0x00000007bab00000)
  object space 175104K, 4% used [0x00000007b0000000,0x00000007b07e0e20,0x00000007bab00000)
 Metaspace       used 20895K, capacity 21008K, committed 21248K, reserved 1067008K
  class space    used 2677K, capacity 2722K, committed 2816K, reserved 1048576K
Event: 2.748 GC heap after
Heap after GC invocations=22 (full 0):
 PSYoungGen      total 79872K, used 4094K [0x00000007bab00000, 0x00000007c0000000, 0x00000007c0000000)
  eden space 75776K, 0% used [0x00000007bab00000,0x00000007bab00000,0x00000007bf500000)
  from space 4096K, 99% used [0x00000007bfb00000,0x00000007bfeffa68,0x00000007bff00000)
  to   space 5632K, 0% used [0x00000007bf500000,0x00000007bf500000,0x00000007bfa80000)
 ParOldGen       total 175104K, used 10391K [0x00000007b0000000, 0x00000007bab00000, 0x00000007bab00000)
  object space 175104K, 5% used [0x00000007b0000000,0x00000007b0a25f20,0x00000007bab00000)
 Metaspace       used 20895K, capacity 21008K, committed 21248K, reserved 1067008K
  class space    used 2677K, capacity 2722K, committed 2816K, reserved 1048576K
}
Event: 2.748 GC heap before
{Heap before GC invocations=23 (full 1):
 PSYoungGen      total 79872K, used 4094K [0x00000007bab00000, 0x00000007c0000000, 0x00000007c0000000)
  eden space 75776K, 0% used [0x00000007bab00000,0x00000007bab00000,0x00000007bf500000)
  from space 4096K, 99% used [0x00000007bfb00000,0x00000007bfeffa68,0x00000007bff00000)
  to   space 5632K, 0% used [0x00000007bf500000,0x00000007bf500000,0x00000007bfa80000)
 ParOldGen       total 175104K, used 10391K [0x00000007b0000000, 0x00000007bab00000, 0x00000007bab00000)
  object space 175104K, 5% used [0x00000007b0000000,0x00000007b0a25f20,0x00000007bab00000)
 Metaspace       used 20895K, capacity 21008K, committed 21248K, reserved 1067008K
  class space    used 2677K, capacity 2722K, committed 2816K, reserved 1048576K
Event: 2.790 GC heap after
Heap after GC invocations=23 (full 1):
 PSYoungGen      total 79872K, used 0K [0x00000007bab00000, 0x00000007c0000000, 0x00000007c0000000)
  eden space 75776K, 0% used [0x00000007bab00000,0x00000007bab00000,0x00000007bf500000)
  from space 4096K, 0% used [0x00000007bfb00000,0x00000007bfb00000,0x00000007bff00000)
  to   space 5632K, 0% used [0x00000007bf500000,0x00000007bf500000,0x00000007bfa80000)
 ParOldGen       total 13824K, used 9899K [0x00000007b0000000, 0x00000007b0d80000, 0x00000007bab00000)
  object space 13824K, 71% used [0x00000007b0000000,0x00000007b09aac90,0x00000007b0d80000)
 Metaspace       used 20895K, capacity 21008K, committed 21248K, reserved 1067008K
  class space    used 2677K, capacity 2722K, committed 2816K, reserved 1048576K
}
Event: 3.366 GC heap before
{Heap before GC invocations=24 (full 1):
 PSYoungGen      total 79872K, used 75776K [0x00000007bab00000, 0x00000007c0000000, 0x00000007c0000000)
  eden space 75776K, 100% used [0x00000007bab00000,0x00000007bf500000,0x00000007bf500000)
  from space 4096K, 0% used [0x00000007bfb00000,0x00000007bfb00000,0x00000007bff00000)
  to   space 5632K, 0% used [0x00000007bf500000,0x00000007bf500000,0x00000007bfa80000)
 ParOldGen       total 13824K, used 9899K [0x00000007b0000000, 0x00000007b0d80000, 0x00000007bab00000)
  object space 13824K, 71% used [0x00000007b0000000,0x00000007b09aac90,0x00000007b0d80000)
 Metaspace       used 26900K, capacity 27080K, committed 27392K, reserved 1073152K
  class space    used 3483K, capacity 3512K, committed 3584K, reserved 1048576K
Event: 3.384 GC heap after
Heap after GC invocations=24 (full 1):
 PSYoungGen      total 81408K, used 5614K [0x00000007bab00000, 0x00000007c0000000, 0x00000007c0000000)
  eden space 75776K, 0% used [0x00000007bab00000,0x00000007bab00000,0x00000007bf500000)
  from space 5632K, 99% used [0x00000007bf500000,0x00000007bfa7b9a0,0x00000007bfa80000)
  to   space 5632K, 0% used [0x00000007bfa80000,0x00000007bfa80000,0x00000007c0000000)
 ParOldGen       total 13824K, used 10734K [0x00000007b0000000, 0x00000007b0d80000, 0x00000007bab00000)
  object space 13824K, 77% used [0x00000007b0000000,0x00000007b0a7bb80,0x00000007b0d80000)
 Metaspace       used 26900K, capacity 27080K, committed 27392K, reserved 1073152K
  class space    used 3483K, capacity 3512K, committed 3584K, reserved 1048576K
}

