# JRE version: Java(TM) SE Runtime Environment (8.0_11-b12) (build 1.8.0_11-b12)
# Java VM: Java HotSpot(TM) 64-Bit Server VM (25.11-b03 mixed mode bsd-amd64 compressed oops)
Heap:
 PSYoungGen      total 84480K, used 44517K [0x00000007bab00000, 0x00000007c0000000, 0x00000007c0000000)
  eden space 81920K, 51% used [0x00000007bab00000,0x00000007bd4997a8,0x00000007bfb00000)
  from space 2560K, 75% used [0x00000007bfb00000,0x00000007bfce0000,0x00000007bfd80000)
  to   space 2560K, 0% used [0x00000007bfd80000,0x00000007bfd80000,0x00000007c0000000)
 ParOldGen       total 37888K, used 25975K [0x00000007b0000000, 0x00000007b2500000, 0x00000007bab00000)
  object space 37888K, 68% used [0x00000007b0000000,0x00000007b195df80,0x00000007b2500000)
 Metaspace       used 31337K, capacity 31710K, committed 31744K, reserved 1077248K
  class space    used 3922K, capacity 4088K, committed 4096K, reserved 1048576K
GC Heap History (10 events):
Event: 242.111 GC heap before
{Heap before GC invocations=1165 (full 24):
 PSYoungGen      total 84992K, used 84448K [0x00000007bab00000, 0x00000007c0000000, 0x00000007c0000000)
  eden space 82944K, 100% used [0x00000007bab00000,0x00000007bfc00000,0x00000007bfc00000)
  from space 2048K, 73% used [0x00000007bfe00000,0x00000007bff78000,0x00000007c0000000)
  to   space 2048K, 0% used [0x00000007bfc00000,0x00000007bfc00000,0x00000007bfe00000)
 ParOldGen       total 37888K, used 22659K [0x00000007b0000000, 0x00000007b2500000, 0x00000007bab00000)
  object space 37888K, 59% used [0x00000007b0000000,0x00000007b1620ff0,0x00000007b2500000)
 Metaspace       used 30272K, capacity 30622K, committed 30848K, reserved 1077248K
  class space    used 3763K, capacity 3862K, committed 3968K, reserved 1048576K
Event: 242.114 GC heap after
Heap after GC invocations=1165 (full 24):
 PSYoungGen      total 84992K, used 1504K [0x00000007bab00000, 0x00000007c0000000, 0x00000007c0000000)
  eden space 82944K, 0% used [0x00000007bab00000,0x00000007bab00000,0x00000007bfc00000)
  from space 2048K, 73% used [0x00000007bfc00000,0x00000007bfd78000,0x00000007bfe00000)
  to   space 2048K, 0% used [0x00000007bfe00000,0x00000007bfe00000,0x00000007c0000000)
 ParOldGen       total 37888K, used 22923K [0x00000007b0000000, 0x00000007b2500000, 0x00000007bab00000)
  object space 37888K, 60% used [0x00000007b0000000,0x00000007b1662ff0,0x00000007b2500000)
 Metaspace       used 30272K, capacity 30622K, committed 30848K, reserved 1077248K
  class space    used 3763K, capacity 3862K, committed 3968K, reserved 1048576K
}
Event: 242.267 GC heap before
{Heap before GC invocations=1166 (full 24):
 PSYoungGen      total 84992K, used 84448K [0x00000007bab00000, 0x00000007c0000000, 0x00000007c0000000)
  eden space 82944K, 100% used [0x00000007bab00000,0x00000007bfc00000,0x00000007bfc00000)
  from space 2048K, 73% used [0x00000007bfc00000,0x00000007bfd78000,0x00000007bfe00000)
  to   space 2048K, 0% used [0x00000007bfe00000,0x00000007bfe00000,0x00000007c0000000)
 ParOldGen       total 37888K, used 22923K [0x00000007b0000000, 0x00000007b2500000, 0x00000007bab00000)
  object space 37888K, 60% used [0x00000007b0000000,0x00000007b1662ff0,0x00000007b2500000)
 Metaspace       used 30272K, capacity 30622K, committed 30848K, reserved 1077248K
  class space    used 3763K, capacity 3862K, committed 3968K, reserved 1048576K
Event: 242.270 GC heap after
Heap after GC invocations=1166 (full 24):
 PSYoungGen      total 84992K, used 1472K [0x00000007bab00000, 0x00000007c0000000, 0x00000007c0000000)
  eden space 82944K, 0% used [0x00000007bab00000,0x00000007bab00000,0x00000007bfc00000)
  from space 2048K, 71% used [0x00000007bfe00000,0x00000007bff70000,0x00000007c0000000)
  to   space 2048K, 0% used [0x00000007bfc00000,0x00000007bfc00000,0x00000007bfe00000)
 ParOldGen       total 37888K, used 23187K [0x00000007b0000000, 0x00000007b2500000, 0x00000007bab00000)
  object space 37888K, 61% used [0x00000007b0000000,0x00000007b16a4ff0,0x00000007b2500000)
 Metaspace       used 30272K, capacity 30622K, committed 30848K, reserved 1077248K
  class space    used 3763K, capacity 3862K, committed 3968K, reserved 1048576K
}
Event: 242.663 GC heap before
{Heap before GC invocations=1167 (full 24):
 PSYoungGen      total 84992K, used 84416K [0x00000007bab00000, 0x00000007c0000000, 0x00000007c0000000)
  eden space 82944K, 100% used [0x00000007bab00000,0x00000007bfc00000,0x00000007bfc00000)
  from space 2048K, 71% used [0x00000007bfe00000,0x00000007bff70000,0x00000007c0000000)
  to   space 2048K, 0% used [0x00000007bfc00000,0x00000007bfc00000,0x00000007bfe00000)
 ParOldGen       total 37888K, used 23187K [0x00000007b0000000, 0x00000007b2500000, 0x00000007bab00000)
  object space 37888K, 61% used [0x00000007b0000000,0x00000007b16a4ff0,0x00000007b2500000)
 Metaspace       used 30602K, capacity 30974K, committed 31104K, reserved 1077248K
  class space    used 3792K, capacity 3894K, committed 3968K, reserved 1048576K
Event: 242.666 GC heap after
Heap after GC invocations=1167 (full 24):
 PSYoungGen      total 84992K, used 1600K [0x00000007bab00000, 0x00000007c0000000, 0x00000007c0000000)
  eden space 82944K, 0% used [0x00000007bab00000,0x00000007bab00000,0x00000007bfc00000)
  from space 2048K, 78% used [0x00000007bfc00000,0x00000007bfd90000,0x00000007bfe00000)
  to   space 2048K, 0% used [0x00000007bfe00000,0x00000007bfe00000,0x00000007c0000000)
 ParOldGen       total 37888K, used 23459K [0x00000007b0000000, 0x00000007b2500000, 0x00000007bab00000)
  object space 37888K, 61% used [0x00000007b0000000,0x00000007b16e8ff0,0x00000007b2500000)
 Metaspace       used 30602K, capacity 30974K, committed 31104K, reserved 1077248K
  class space    used 3792K, capacity 3894K, committed 3968K, reserved 1048576K
}
Event: 242.889 GC heap before
{Heap before GC invocations=1168 (full 24):
 PSYoungGen      total 84992K, used 84544K [0x00000007bab00000, 0x00000007c0000000, 0x00000007c0000000)
  eden space 82944K, 100% used [0x00000007bab00000,0x00000007bfc00000,0x00000007bfc00000)
  from space 2048K, 78% used [0x00000007bfc00000,0x00000007bfd90000,0x00000007bfe00000)
  to   space 2048K, 0% used [0x00000007bfe00000,0x00000007bfe00000,0x00000007c0000000)
 ParOldGen       total 37888K, used 23459K [0x00000007b0000000, 0x00000007b2500000, 0x00000007bab00000)
  object space 37888K, 61% used [0x00000007b0000000,0x00000007b16e8ff0,0x00000007b2500000)
 Metaspace       used 30756K, capacity 31102K, committed 31360K, reserved 1077248K
  class space    used 3813K, capacity 3894K, committed 3968K, reserved 1048576K
Event: 242.892 GC heap after
Heap after GC invocations=1168 (full 24):
 PSYoungGen      total 83968K, used 2038K [0x00000007bab00000, 0x00000007c0000000, 0x00000007c0000000)
  eden space 81920K, 0% used [0x00000007bab00000,0x00000007bab00000,0x00000007bfb00000)
  from space 2048K, 99% used [0x00000007bfe00000,0x00000007bfffda60,0x00000007c0000000)
  to   space 2560K, 0% used [0x00000007bfb00000,0x00000007bfb00000,0x00000007bfd80000)
 ParOldGen       total 37888K, used 24475K [0x00000007b0000000, 0x00000007b2500000, 0x00000007bab00000)
  object space 37888K, 64% used [0x00000007b0000000,0x00000007b17e6ff0,0x00000007b2500000)
 Metaspace       used 30756K, capacity 31102K, committed 31360K, reserved 1077248K
  class space    used 3813K, capacity 3894K, committed 3968K, reserved 1048576K
}
Event: 244.344 GC heap before
{Heap before GC invocations=1169 (full 24):
 PSYoungGen      total 83968K, used 83958K [0x00000007bab00000, 0x00000007c0000000, 0x00000007c0000000)
  eden space 81920K, 100% used [0x00000007bab00000,0x00000007bfb00000,0x00000007bfb00000)
  from space 2048K, 99% used [0x00000007bfe00000,0x00000007bfffda60,0x00000007c0000000)
  to   space 2560K, 0% used [0x00000007bfb00000,0x00000007bfb00000,0x00000007bfd80000)
 ParOldGen       total 37888K, used 24475K [0x00000007b0000000, 0x00000007b2500000, 0x00000007bab00000)
  object space 37888K, 64% used [0x00000007b0000000,0x00000007b17e6ff0,0x00000007b2500000)
 Metaspace       used 31253K, capacity 31576K, committed 31744K, reserved 1077248K
  class space    used 3914K, capacity 4087K, committed 4096K, reserved 1048576K
Event: 244.348 GC heap after
Heap after GC invocations=1169 (full 24):
 PSYoungGen      total 84480K, used 1920K [0x00000007bab00000, 0x00000007c0000000, 0x00000007c0000000)
  eden space 81920K, 0% used [0x00000007bab00000,0x00000007bab00000,0x00000007bfb00000)
  from space 2560K, 75% used [0x00000007bfb00000,0x00000007bfce0000,0x00000007bfd80000)
  to   space 2560K, 0% used [0x00000007bfd80000,0x00000007bfd80000,0x00000007c0000000)
 ParOldGen       total 37888K, used 25975K [0x00000007b0000000, 0x00000007b2500000, 0x00000007bab00000)
  object space 37888K, 68% used [0x00000007b0000000,0x00000007b195df80,0x00000007b2500000)
 Metaspace       used 31253K, capacity 31576K, committed 31744K, reserved 1077248K
  class space    used 3914K, capacity 4087K, committed 4096K, reserved 1048576K
}

